[INFO  - 2018-03-11T15:14:55.812Z] GhostDriver - Main - running on port 45576
[INFO  - 2018-03-11T15:14:59.335Z] Session [f6c732d0-253e-11e8-a9d3-41e2c324f08e] - page.settings - {"XSSAuditingEnabled":false,"javascriptCanCloseWindows":true,"javascriptCanOpenWindows":true,"javascriptEnabled":true,"loadImages":true,"localToRemoteUrlAccessEnabled":false,"userAgent":"Mozilla/5.0 (Windows NT 6.2; WOW64) AppleWebKit/538.1 (KHTML, like Gecko) PhantomJS/2.1.1 Safari/538.1","webSecurityEnabled":true}
[INFO  - 2018-03-11T15:14:59.335Z] Session [f6c732d0-253e-11e8-a9d3-41e2c324f08e] - page.customHeaders:  - {}
[INFO  - 2018-03-11T15:14:59.335Z] Session [f6c732d0-253e-11e8-a9d3-41e2c324f08e] - Session.negotiatedCapabilities - {"browserName":"phantomjs","version":"2.1.1","driverName":"ghostdriver","driverVersion":"1.2.0","platform":"windows-10-32bit","javascriptEnabled":true,"takesScreenshot":true,"handlesAlerts":false,"databaseEnabled":false,"locationContextEnabled":false,"applicationCacheEnabled":false,"browserConnectionEnabled":false,"cssSelectorsEnabled":true,"webStorageEnabled":false,"rotatable":false,"acceptSslCerts":false,"nativeEvents":true,"proxy":{"proxyType":"direct"}}
[INFO  - 2018-03-11T15:14:59.335Z] SessionManagerReqHand - _postNewSessionCommand - New Session Created: f6c732d0-253e-11e8-a9d3-41e2c324f08e
[INFO  - 2018-03-11T15:19:55.810Z] SessionManagerReqHand - _cleanupWindowlessSessions - Asynchronous Sessions clean-up phase starting NOW
[INFO  - 2018-03-11T15:24:55.810Z] SessionManagerReqHand - _cleanupWindowlessSessions - Asynchronous Sessions clean-up phase starting NOW
[INFO  - 2018-03-11T15:29:55.811Z] SessionManagerReqHand - _cleanupWindowlessSessions - Asynchronous Sessions clean-up phase starting NOW
[INFO  - 2018-03-11T15:34:55.811Z] SessionManagerReqHand - _cleanupWindowlessSessions - Asynchronous Sessions clean-up phase starting NOW
[INFO  - 2018-03-11T15:39:55.817Z] SessionManagerReqHand - _cleanupWindowlessSessions - Asynchronous Sessions clean-up phase starting NOW
[INFO  - 2018-03-11T15:44:55.828Z] SessionManagerReqHand - _cleanupWindowlessSessions - Asynchronous Sessions clean-up phase starting NOW
[INFO  - 2018-03-11T15:49:55.828Z] SessionManagerReqHand - _cleanupWindowlessSessions - Asynchronous Sessions clean-up phase starting NOW
[INFO  - 2018-03-11T15:54:55.841Z] SessionManagerReqHand - _cleanupWindowlessSessions - Asynchronous Sessions clean-up phase starting NOW
[INFO  - 2018-03-11T15:59:55.842Z] SessionManagerReqHand - _cleanupWindowlessSessions - Asynchronous Sessions clean-up phase starting NOW
[INFO  - 2018-03-11T16:04:55.841Z] SessionManagerReqHand - _cleanupWindowlessSessions - Asynchronous Sessions clean-up phase starting NOW
[INFO  - 2018-03-11T16:09:55.841Z] SessionManagerReqHand - _cleanupWindowlessSessions - Asynchronous Sessions clean-up phase starting NOW
[INFO  - 2018-03-11T16:14:55.842Z] SessionManagerReqHand - _cleanupWindowlessSessions - Asynchronous Sessions clean-up phase starting NOW
[INFO  - 2018-03-11T16:19:55.842Z] SessionManagerReqHand - _cleanupWindowlessSessions - Asynchronous Sessions clean-up phase starting NOW
[INFO  - 2018-03-11T16:24:55.849Z] SessionManagerReqHand - _cleanupWindowlessSessions - Asynchronous Sessions clean-up phase starting NOW
[INFO  - 2018-03-11T16:29:55.857Z] SessionManagerReqHand - _cleanupWindowlessSessions - Asynchronous Sessions clean-up phase starting NOW
[INFO  - 2018-03-11T16:34:55.857Z] SessionManagerReqHand - _cleanupWindowlessSessions - Asynchronous Sessions clean-up phase starting NOW
[INFO  - 2018-03-11T16:39:55.865Z] SessionManagerReqHand - _cleanupWindowlessSessions - Asynchronous Sessions clean-up phase starting NOW
[INFO  - 2018-03-11T16:44:55.865Z] SessionManagerReqHand - _cleanupWindowlessSessions - Asynchronous Sessions clean-up phase starting NOW
[INFO  - 2018-03-11T16:49:55.875Z] SessionManagerReqHand - _cleanupWindowlessSessions - Asynchronous Sessions clean-up phase starting NOW
[INFO  - 2018-03-11T16:54:55.875Z] SessionManagerReqHand - _cleanupWindowlessSessions - Asynchronous Sessions clean-up phase starting NOW
[INFO  - 2018-03-11T16:59:55.887Z] SessionManagerReqHand - _cleanupWindowlessSessions - Asynchronous Sessions clean-up phase starting NOW
[INFO  - 2018-03-11T17:04:55.892Z] SessionManagerReqHand - _cleanupWindowlessSessions - Asynchronous Sessions clean-up phase starting NOW
[INFO  - 2018-03-11T17:09:55.892Z] SessionManagerReqHand - _cleanupWindowlessSessions - Asynchronous Sessions clean-up phase starting NOW
[INFO  - 2018-03-11T17:14:55.892Z] SessionManagerReqHand - _cleanupWindowlessSessions - Asynchronous Sessions clean-up phase starting NOW
[INFO  - 2018-03-11T17:19:55.892Z] SessionManagerReqHand - _cleanupWindowlessSessions - Asynchronous Sessions clean-up phase starting NOW
[INFO  - 2018-03-11T17:24:55.904Z] SessionManagerReqHand - _cleanupWindowlessSessions - Asynchronous Sessions clean-up phase starting NOW
[INFO  - 2018-03-11T17:29:55.913Z] SessionManagerReqHand - _cleanupWindowlessSessions - Asynchronous Sessions clean-up phase starting NOW
[INFO  - 2018-03-11T17:34:55.921Z] SessionManagerReqHand - _cleanupWindowlessSessions - Asynchronous Sessions clean-up phase starting NOW
[INFO  - 2018-03-11T17:39:55.920Z] SessionManagerReqHand - _cleanupWindowlessSessions - Asynchronous Sessions clean-up phase starting NOW
[INFO  - 2018-03-11T17:44:55.921Z] SessionManagerReqHand - _cleanupWindowlessSessions - Asynchronous Sessions clean-up phase starting NOW
[INFO  - 2018-03-11T17:49:55.935Z] SessionManagerReqHand - _cleanupWindowlessSessions - Asynchronous Sessions clean-up phase starting NOW
[INFO  - 2018-03-11T17:54:55.936Z] SessionManagerReqHand - _cleanupWindowlessSessions - Asynchronous Sessions clean-up phase starting NOW
[INFO  - 2018-03-11T17:59:55.936Z] SessionManagerReqHand - _cleanupWindowlessSessions - Asynchronous Sessions clean-up phase starting NOW
[INFO  - 2018-03-11T18:04:55.941Z] SessionManagerReqHand - _cleanupWindowlessSessions - Asynchronous Sessions clean-up phase starting NOW
[INFO  - 2018-03-11T18:09:55.953Z] SessionManagerReqHand - _cleanupWindowlessSessions - Asynchronous Sessions clean-up phase starting NOW
[INFO  - 2018-03-11T18:14:55.966Z] SessionManagerReqHand - _cleanupWindowlessSessions - Asynchronous Sessions clean-up phase starting NOW
[INFO  - 2018-03-11T18:19:55.967Z] SessionManagerReqHand - _cleanupWindowlessSessions - Asynchronous Sessions clean-up phase starting NOW
[INFO  - 2018-03-11T18:24:55.969Z] SessionManagerReqHand - _cleanupWindowlessSessions - Asynchronous Sessions clean-up phase starting NOW
[INFO  - 2018-03-11T18:29:55.982Z] SessionManagerReqHand - _cleanupWindowlessSessions - Asynchronous Sessions clean-up phase starting NOW
[INFO  - 2018-03-11T18:34:55.983Z] SessionManagerReqHand - _cleanupWindowlessSessions - Asynchronous Sessions clean-up phase starting NOW
[INFO  - 2018-03-11T18:39:55.983Z] SessionManagerReqHand - _cleanupWindowlessSessions - Asynchronous Sessions clean-up phase starting NOW
[INFO  - 2018-03-11T18:44:55.983Z] SessionManagerReqHand - _cleanupWindowlessSessions - Asynchronous Sessions clean-up phase starting NOW
[INFO  - 2018-03-11T18:49:55.985Z] SessionManagerReqHand - _cleanupWindowlessSessions - Asynchronous Sessions clean-up phase starting NOW
[INFO  - 2018-03-11T18:54:55.985Z] SessionManagerReqHand - _cleanupWindowlessSessions - Asynchronous Sessions clean-up phase starting NOW
[INFO  - 2018-03-11T18:59:55.998Z] SessionManagerReqHand - _cleanupWindowlessSessions - Asynchronous Sessions clean-up phase starting NOW
[INFO  - 2018-03-11T19:04:55.998Z] SessionManagerReqHand - _cleanupWindowlessSessions - Asynchronous Sessions clean-up phase starting NOW
[INFO  - 2018-03-11T19:09:56.012Z] SessionManagerReqHand - _cleanupWindowlessSessions - Asynchronous Sessions clean-up phase starting NOW
[INFO  - 2018-03-11T19:14:56.013Z] SessionManagerReqHand - _cleanupWindowlessSessions - Asynchronous Sessions clean-up phase starting NOW
[INFO  - 2018-03-11T19:19:56.014Z] SessionManagerReqHand - _cleanupWindowlessSessions - Asynchronous Sessions clean-up phase starting NOW
[INFO  - 2018-03-11T19:24:56.016Z] SessionManagerReqHand - _cleanupWindowlessSessions - Asynchronous Sessions clean-up phase starting NOW
[INFO  - 2018-03-11T19:29:56.030Z] SessionManagerReqHand - _cleanupWindowlessSessions - Asynchronous Sessions clean-up phase starting NOW
[INFO  - 2018-03-11T19:34:56.031Z] SessionManagerReqHand - _cleanupWindowlessSessions - Asynchronous Sessions clean-up phase starting NOW
[INFO  - 2018-03-11T19:39:56.030Z] SessionManagerReqHand - _cleanupWindowlessSessions - Asynchronous Sessions clean-up phase starting NOW
[INFO  - 2018-03-11T19:44:56.031Z] SessionManagerReqHand - _cleanupWindowlessSessions - Asynchronous Sessions clean-up phase starting NOW
[INFO  - 2018-03-11T19:49:56.031Z] SessionManagerReqHand - _cleanupWindowlessSessions - Asynchronous Sessions clean-up phase starting NOW
[INFO  - 2018-03-11T19:54:56.045Z] SessionManagerReqHand - _cleanupWindowlessSessions - Asynchronous Sessions clean-up phase starting NOW
[INFO  - 2018-03-11T19:59:56.046Z] SessionManagerReqHand - _cleanupWindowlessSessions - Asynchronous Sessions clean-up phase starting NOW
[INFO  - 2018-03-11T20:04:56.047Z] SessionManagerReqHand - _cleanupWindowlessSessions - Asynchronous Sessions clean-up phase starting NOW
[INFO  - 2018-03-11T20:09:56.047Z] SessionManagerReqHand - _cleanupWindowlessSessions - Asynchronous Sessions clean-up phase starting NOW
[INFO  - 2018-03-11T20:14:56.046Z] SessionManagerReqHand - _cleanupWindowlessSessions - Asynchronous Sessions clean-up phase starting NOW
[INFO  - 2018-03-11T20:19:56.047Z] SessionManagerReqHand - _cleanupWindowlessSessions - Asynchronous Sessions clean-up phase starting NOW
[INFO  - 2018-03-11T20:24:56.047Z] SessionManagerReqHand - _cleanupWindowlessSessions - Asynchronous Sessions clean-up phase starting NOW
[INFO  - 2018-03-11T20:29:56.047Z] SessionManagerReqHand - _cleanupWindowlessSessions - Asynchronous Sessions clean-up phase starting NOW
[INFO  - 2018-03-11T20:34:56.048Z] SessionManagerReqHand - _cleanupWindowlessSessions - Asynchronous Sessions clean-up phase starting NOW
[INFO  - 2018-03-11T20:39:56.060Z] SessionManagerReqHand - _cleanupWindowlessSessions - Asynchronous Sessions clean-up phase starting NOW
[INFO  - 2018-03-11T20:44:56.061Z] SessionManagerReqHand - _cleanupWindowlessSessions - Asynchronous Sessions clean-up phase starting NOW
[INFO  - 2018-03-11T20:49:56.067Z] SessionManagerReqHand - _cleanupWindowlessSessions - Asynchronous Sessions clean-up phase starting NOW
[INFO  - 2018-03-11T20:54:56.066Z] SessionManagerReqHand - _cleanupWindowlessSessions - Asynchronous Sessions clean-up phase starting NOW
[INFO  - 2018-03-11T20:59:56.076Z] SessionManagerReqHand - _cleanupWindowlessSessions - Asynchronous Sessions clean-up phase starting NOW
[INFO  - 2018-03-11T21:04:56.076Z] SessionManagerReqHand - _cleanupWindowlessSessions - Asynchronous Sessions clean-up phase starting NOW
[INFO  - 2018-03-11T21:09:56.077Z] SessionManagerReqHand - _cleanupWindowlessSessions - Asynchronous Sessions clean-up phase starting NOW
[INFO  - 2018-03-11T21:14:56.076Z] SessionManagerReqHand - _cleanupWindowlessSessions - Asynchronous Sessions clean-up phase starting NOW
[INFO  - 2018-03-11T21:19:56.076Z] SessionManagerReqHand - _cleanupWindowlessSessions - Asynchronous Sessions clean-up phase starting NOW
[INFO  - 2018-03-11T21:24:56.076Z] SessionManagerReqHand - _cleanupWindowlessSessions - Asynchronous Sessions clean-up phase starting NOW
[INFO  - 2018-03-11T21:29:56.077Z] SessionManagerReqHand - _cleanupWindowlessSessions - Asynchronous Sessions clean-up phase starting NOW
[INFO  - 2018-03-11T21:34:56.092Z] SessionManagerReqHand - _cleanupWindowlessSessions - Asynchronous Sessions clean-up phase starting NOW
[INFO  - 2018-03-11T21:39:56.099Z] SessionManagerReqHand - _cleanupWindowlessSessions - Asynchronous Sessions clean-up phase starting NOW
[INFO  - 2018-03-11T21:44:56.108Z] SessionManagerReqHand - _cleanupWindowlessSessions - Asynchronous Sessions clean-up phase starting NOW
[INFO  - 2018-03-11T21:49:56.123Z] SessionManagerReqHand - _cleanupWindowlessSessions - Asynchronous Sessions clean-up phase starting NOW
[INFO  - 2018-03-11T21:54:56.126Z] SessionManagerReqHand - _cleanupWindowlessSessions - Asynchronous Sessions clean-up phase starting NOW
[INFO  - 2018-03-11T21:59:56.138Z] SessionManagerReqHand - _cleanupWindowlessSessions - Asynchronous Sessions clean-up phase starting NOW
[INFO  - 2018-03-11T22:04:56.142Z] SessionManagerReqHand - _cleanupWindowlessSessions - Asynchronous Sessions clean-up phase starting NOW
[INFO  - 2018-03-11T22:09:56.143Z] SessionManagerReqHand - _cleanupWindowlessSessions - Asynchronous Sessions clean-up phase starting NOW
[INFO  - 2018-03-11T22:14:56.153Z] SessionManagerReqHand - _cleanupWindowlessSessions - Asynchronous Sessions clean-up phase starting NOW
[INFO  - 2018-03-11T22:19:56.160Z] SessionManagerReqHand - _cleanupWindowlessSessions - Asynchronous Sessions clean-up phase starting NOW
[INFO  - 2018-03-11T22:24:56.171Z] SessionManagerReqHand - _cleanupWindowlessSessions - Asynchronous Sessions clean-up phase starting NOW
[INFO  - 2018-03-11T22:29:56.172Z] SessionManagerReqHand - _cleanupWindowlessSessions - Asynchronous Sessions clean-up phase starting NOW
[INFO  - 2018-03-11T22:34:56.172Z] SessionManagerReqHand - _cleanupWindowlessSessions - Asynchronous Sessions clean-up phase starting NOW
[INFO  - 2018-03-11T22:39:56.172Z] SessionManagerReqHand - _cleanupWindowlessSessions - Asynchronous Sessions clean-up phase starting NOW
[INFO  - 2018-03-11T22:44:56.174Z] SessionManagerReqHand - _cleanupWindowlessSessions - Asynchronous Sessions clean-up phase starting NOW
[INFO  - 2018-03-11T22:49:56.186Z] SessionManagerReqHand - _cleanupWindowlessSessions - Asynchronous Sessions clean-up phase starting NOW
[INFO  - 2018-03-11T22:54:56.188Z] SessionManagerReqHand - _cleanupWindowlessSessions - Asynchronous Sessions clean-up phase starting NOW
[INFO  - 2018-03-11T22:59:56.188Z] SessionManagerReqHand - _cleanupWindowlessSessions - Asynchronous Sessions clean-up phase starting NOW
[INFO  - 2018-03-11T23:04:56.201Z] SessionManagerReqHand - _cleanupWindowlessSessions - Asynchronous Sessions clean-up phase starting NOW
[INFO  - 2018-03-11T23:09:56.201Z] SessionManagerReqHand - _cleanupWindowlessSessions - Asynchronous Sessions clean-up phase starting NOW
[INFO  - 2018-03-11T23:14:56.201Z] SessionManagerReqHand - _cleanupWindowlessSessions - Asynchronous Sessions clean-up phase starting NOW
[INFO  - 2018-03-11T23:19:56.201Z] SessionManagerReqHand - _cleanupWindowlessSessions - Asynchronous Sessions clean-up phase starting NOW
[INFO  - 2018-03-11T23:24:56.201Z] SessionManagerReqHand - _cleanupWindowlessSessions - Asynchronous Sessions clean-up phase starting NOW
[INFO  - 2018-03-11T23:29:56.201Z] SessionManagerReqHand - _cleanupWindowlessSessions - Asynchronous Sessions clean-up phase starting NOW
[INFO  - 2018-03-11T23:34:56.202Z] SessionManagerReqHand - _cleanupWindowlessSessions - Asynchronous Sessions clean-up phase starting NOW
[INFO  - 2018-03-11T23:39:56.202Z] SessionManagerReqHand - _cleanupWindowlessSessions - Asynchronous Sessions clean-up phase starting NOW
[INFO  - 2018-03-11T23:44:56.202Z] SessionManagerReqHand - _cleanupWindowlessSessions - Asynchronous Sessions clean-up phase starting NOW
[INFO  - 2018-03-11T23:49:56.204Z] SessionManagerReqHand - _cleanupWindowlessSessions - Asynchronous Sessions clean-up phase starting NOW
[INFO  - 2018-03-11T23:54:56.203Z] SessionManagerReqHand - _cleanupWindowlessSessions - Asynchronous Sessions clean-up phase starting NOW
[INFO  - 2018-03-11T23:59:56.218Z] SessionManagerReqHand - _cleanupWindowlessSessions - Asynchronous Sessions clean-up phase starting NOW
[INFO  - 2018-03-12T00:04:56.223Z] SessionManagerReqHand - _cleanupWindowlessSessions - Asynchronous Sessions clean-up phase starting NOW
[INFO  - 2018-03-12T00:09:56.233Z] SessionManagerReqHand - _cleanupWindowlessSessions - Asynchronous Sessions clean-up phase starting NOW
[INFO  - 2018-03-12T00:14:56.247Z] SessionManagerReqHand - _cleanupWindowlessSessions - Asynchronous Sessions clean-up phase starting NOW
[INFO  - 2018-03-12T00:19:56.248Z] SessionManagerReqHand - _cleanupWindowlessSessions - Asynchronous Sessions clean-up phase starting NOW
[INFO  - 2018-03-12T00:24:56.248Z] SessionManagerReqHand - _cleanupWindowlessSessions - Asynchronous Sessions clean-up phase starting NOW
[INFO  - 2018-03-12T00:29:56.248Z] SessionManagerReqHand - _cleanupWindowlessSessions - Asynchronous Sessions clean-up phase starting NOW
[INFO  - 2018-03-12T00:34:56.255Z] SessionManagerReqHand - _cleanupWindowlessSessions - Asynchronous Sessions clean-up phase starting NOW
[INFO  - 2018-03-12T00:39:56.264Z] SessionManagerReqHand - _cleanupWindowlessSessions - Asynchronous Sessions clean-up phase starting NOW
[INFO  - 2018-03-12T00:44:56.267Z] SessionManagerReqHand - _cleanupWindowlessSessions - Asynchronous Sessions clean-up phase starting NOW
[INFO  - 2018-03-12T00:49:56.268Z] SessionManagerReqHand - _cleanupWindowlessSessions - Asynchronous Sessions clean-up phase starting NOW
[INFO  - 2018-03-12T00:54:56.279Z] SessionManagerReqHand - _cleanupWindowlessSessions - Asynchronous Sessions clean-up phase starting NOW
[INFO  - 2018-03-12T00:59:56.290Z] SessionManagerReqHand - _cleanupWindowlessSessions - Asynchronous Sessions clean-up phase starting NOW
[ERROR - 2018-03-12T01:02:17.646Z] Session [f6c732d0-253e-11e8-a9d3-41e2c324f08e] - page.onError - msg: TypeError: undefined is not an object (evaluating 'x1___.top_v___')

  phantomjs://platform/console++.js:263 in error
[ERROR - 2018-03-12T01:02:17.646Z] Session [f6c732d0-253e-11e8-a9d3-41e2c324f08e] - page.onError - stack:
  (anonymous function) (undefined:1)
  apply (:0)
  (anonymous function) (https://g.alicdn.com/shop/shop-caja/0.0.5/r3001/caja/es53-taming-frame-min.js?t=20131223:1)
  (anonymous function) (https://g.alicdn.com/shop/shop-caja/0.1.0/r3001/??caja/caja-min.js,caja-adapter-min.js,balcony-min.js:1)
  simpleNotify (https://g.alicdn.com/shop/kissy-caja/1.3.1/event/base-min.js?t=20130701201313:10)
  notifyInternal (https://g.alicdn.com/shop/kissy-caja/1.3.1/event/dom/base-min.js?t=20130701201313:28)
  notify (https://g.alicdn.com/shop/kissy-caja/1.3.1/event/base-min.js?t=20130701201313:10)
  notify (https://g.alicdn.com/shop/kissy-caja/1.3.1/event/dom/base-min.js?t=20130701201313:23)
  handle (https://g.alicdn.com/shop/kissy-caja/1.3.1/event/dom/base-min.js?t=20130701201313:6)

  phantomjs://platform/console++.js:263 in error
[ERROR - 2018-03-12T01:02:28.540Z] WebElementLocator - _handleLocateCommand - Element(s) NOT Found: GAVE UP. Search Stop Time: 1520816548534

  phantomjs://platform/console++.js:263 in error
[ERROR - 2018-03-12T01:04:06.626Z] Session [f6c732d0-253e-11e8-a9d3-41e2c324f08e] - page.onError - msg: TypeError: undefined is not an object (evaluating 'x1___.top_v___')

  phantomjs://platform/console++.js:263 in error
[ERROR - 2018-03-12T01:04:06.626Z] Session [f6c732d0-253e-11e8-a9d3-41e2c324f08e] - page.onError - stack:
  (anonymous function) (undefined:1)
  apply (:0)
  (anonymous function) (https://g.alicdn.com/shop/shop-caja/0.0.5/r3001/caja/es53-taming-frame-min.js?t=20131223:1)
  (anonymous function) (https://g.alicdn.com/shop/shop-caja/0.1.0/r3001/??caja/caja-min.js,caja-adapter-min.js,balcony-min.js:1)
  simpleNotify (https://g.alicdn.com/shop/kissy-caja/1.3.1/event/base-min.js?t=20130701201313:10)
  notifyInternal (https://g.alicdn.com/shop/kissy-caja/1.3.1/event/dom/base-min.js?t=20130701201313:28)
  notify (https://g.alicdn.com/shop/kissy-caja/1.3.1/event/base-min.js?t=20130701201313:10)
  notify (https://g.alicdn.com/shop/kissy-caja/1.3.1/event/dom/base-min.js?t=20130701201313:23)
  handle (https://g.alicdn.com/shop/kissy-caja/1.3.1/event/dom/base-min.js?t=20130701201313:6)

  phantomjs://platform/console++.js:263 in error
[ERROR - 2018-03-12T01:04:13.626Z] WebElementLocator - _handleLocateCommand - Element(s) NOT Found: GAVE UP. Search Stop Time: 1520816653624

  phantomjs://platform/console++.js:263 in error
[INFO  - 2018-03-12T01:04:56.289Z] SessionManagerReqHand - _cleanupWindowlessSessions - Asynchronous Sessions clean-up phase starting NOW
[ERROR - 2018-03-12T01:05:50.711Z] Session [f6c732d0-253e-11e8-a9d3-41e2c324f08e] - page.onError - msg: TypeError: undefined is not an object (evaluating 'x1___.top_v___')

  phantomjs://platform/console++.js:263 in error
[ERROR - 2018-03-12T01:05:50.711Z] Session [f6c732d0-253e-11e8-a9d3-41e2c324f08e] - page.onError - stack:
  (anonymous function) (undefined:1)
  apply (:0)
  (anonymous function) (https://g.alicdn.com/shop/shop-caja/0.0.5/r3001/caja/es53-taming-frame-min.js?t=20131223:1)
  (anonymous function) (https://g.alicdn.com/shop/shop-caja/0.1.0/r3001/??caja/caja-min.js,caja-adapter-min.js,balcony-min.js:1)
  simpleNotify (https://g.alicdn.com/shop/kissy-caja/1.3.1/event/base-min.js?t=20130701201313:10)
  notifyInternal (https://g.alicdn.com/shop/kissy-caja/1.3.1/event/dom/base-min.js?t=20130701201313:28)
  notify (https://g.alicdn.com/shop/kissy-caja/1.3.1/event/base-min.js?t=20130701201313:10)
  notify (https://g.alicdn.com/shop/kissy-caja/1.3.1/event/dom/base-min.js?t=20130701201313:23)
  handle (https://g.alicdn.com/shop/kissy-caja/1.3.1/event/dom/base-min.js?t=20130701201313:6)

  phantomjs://platform/console++.js:263 in error
[ERROR - 2018-03-12T01:05:58.040Z] WebElementLocator - _handleLocateCommand - Element(s) NOT Found: GAVE UP. Search Stop Time: 1520816758038

  phantomjs://platform/console++.js:263 in error
[ERROR - 2018-03-12T01:06:05.479Z] WebElementLocator - _handleLocateCommand - Element(s) NOT Found: GAVE UP. Search Stop Time: 1520816765408

  phantomjs://platform/console++.js:263 in error
[ERROR - 2018-03-12T01:07:35.351Z] WebElementLocator - _handleLocateCommand - Element(s) NOT Found: GAVE UP. Search Stop Time: 1520816855346

  phantomjs://platform/console++.js:263 in error
[ERROR - 2018-03-12T01:07:36.790Z] Session [f6c732d0-253e-11e8-a9d3-41e2c324f08e] - page.onError - msg: TypeError: undefined is not an object (evaluating 'x1___.top_v___')

  phantomjs://platform/console++.js:263 in error
[ERROR - 2018-03-12T01:07:36.790Z] Session [f6c732d0-253e-11e8-a9d3-41e2c324f08e] - page.onError - stack:
  (anonymous function) (undefined:1)
  apply (:0)
  (anonymous function) (https://g.alicdn.com/shop/shop-caja/0.0.5/r3001/caja/es53-taming-frame-min.js?t=20131223:1)
  (anonymous function) (https://g.alicdn.com/shop/shop-caja/0.1.0/r3001/??caja/caja-min.js,caja-adapter-min.js,balcony-min.js:1)
  simpleNotify (https://g.alicdn.com/shop/kissy-caja/1.3.1/event/base-min.js?t=20130701201313:10)
  notifyInternal (https://g.alicdn.com/shop/kissy-caja/1.3.1/event/dom/base-min.js?t=20130701201313:28)
  notify (https://g.alicdn.com/shop/kissy-caja/1.3.1/event/base-min.js?t=20130701201313:10)
  notify (https://g.alicdn.com/shop/kissy-caja/1.3.1/event/dom/base-min.js?t=20130701201313:23)
  handle (https://g.alicdn.com/shop/kissy-caja/1.3.1/event/dom/base-min.js?t=20130701201313:6)

  phantomjs://platform/console++.js:263 in error
[ERROR - 2018-03-12T01:07:43.697Z] WebElementLocator - _handleLocateCommand - Element(s) NOT Found: GAVE UP. Search Stop Time: 1520816863640

  phantomjs://platform/console++.js:263 in error
[ERROR - 2018-03-12T01:08:55.440Z] Session [f6c732d0-253e-11e8-a9d3-41e2c324f08e] - page.onError - msg: TypeError: undefined is not a constructor (evaluating 'window.goldlog.emit("shop_monitor_error",{error:c})')

  phantomjs://platform/console++.js:263 in error
[ERROR - 2018-03-12T01:08:55.440Z] Session [f6c732d0-253e-11e8-a9d3-41e2c324f08e] - page.onError - stack:
  _init (https://g.alicdn.com/shop/wangpu/1.7.5/??decoration/init-async-min.js,decoration/compatible-min.js,decoration/countdown-min.js,decoration/isv-min.js,decoration/shopmonitor-min.js,decoration/shopisv-min.js,decoration/asyncmod-min.js?t=20140409.js:2)
  (anonymous function) (https://g.alicdn.com/shop/wangpu/1.7.5/??decoration/init-async-min.js,decoration/compatible-min.js,decoration/countdown-min.js,decoration/isv-min.js,decoration/shopmonitor-min.js,decoration/shopisv-min.js,decoration/asyncmod-min.js?t=20140409.js:2)
  f (https://g.alicdn.com/??kissy/k/1.4.2/seed-min.js,mui/seed/1.3.0/seed.js,mui/globalmodule/3.0.83/seed.js,mui/btscfg-g/3.0.0/index.js,mui/bucket/3.0.4/index.js,mui/globalmodule/3.0.83/global-mod-pc.js,mui/globalmodule/3.0.83/global-mod.js,mui/global/3.0.28/global-pc.js,mui/global/3.0.28/global.js,tm/shop/3.2.42/app.js,tm/shop/3.2.42/page/shop.js:21)

  phantomjs://platform/console++.js:263 in error
[ERROR - 2018-03-12T01:09:20.633Z] Session [f6c732d0-253e-11e8-a9d3-41e2c324f08e] - page.onError - msg: TypeError: undefined is not an object (evaluating 'x1___.top_v___')

  phantomjs://platform/console++.js:263 in error
[ERROR - 2018-03-12T01:09:20.633Z] Session [f6c732d0-253e-11e8-a9d3-41e2c324f08e] - page.onError - stack:
  (anonymous function) (undefined:1)
  apply (:0)
  (anonymous function) (https://g.alicdn.com/shop/shop-caja/0.0.5/r3001/caja/es53-taming-frame-min.js?t=20131223:1)
  (anonymous function) (https://g.alicdn.com/shop/shop-caja/0.1.0/r3001/??caja/caja-min.js,caja-adapter-min.js,balcony-min.js:1)
  simpleNotify (https://g.alicdn.com/shop/kissy-caja/1.3.1/event/base-min.js?t=20130701201313:10)
  notifyInternal (https://g.alicdn.com/shop/kissy-caja/1.3.1/event/dom/base-min.js?t=20130701201313:28)
  notify (https://g.alicdn.com/shop/kissy-caja/1.3.1/event/base-min.js?t=20130701201313:10)
  notify (https://g.alicdn.com/shop/kissy-caja/1.3.1/event/dom/base-min.js?t=20130701201313:23)
  handle (https://g.alicdn.com/shop/kissy-caja/1.3.1/event/dom/base-min.js?t=20130701201313:6)

  phantomjs://platform/console++.js:263 in error
[ERROR - 2018-03-12T01:09:28.734Z] WebElementLocator - _handleLocateCommand - Element(s) NOT Found: GAVE UP. Search Stop Time: 1520816968726

  phantomjs://platform/console++.js:263 in error
[INFO  - 2018-03-12T01:09:56.290Z] SessionManagerReqHand - _cleanupWindowlessSessions - Asynchronous Sessions clean-up phase starting NOW
[ERROR - 2018-03-12T01:11:08.998Z] Session [f6c732d0-253e-11e8-a9d3-41e2c324f08e] - page.onError - msg: TypeError: undefined is not an object (evaluating 'x1___.top_v___')

  phantomjs://platform/console++.js:263 in error
[ERROR - 2018-03-12T01:11:08.999Z] Session [f6c732d0-253e-11e8-a9d3-41e2c324f08e] - page.onError - stack:
  (anonymous function) (undefined:1)
  apply (:0)
  (anonymous function) (https://g.alicdn.com/shop/shop-caja/0.0.5/r3001/caja/es53-taming-frame-min.js?t=20131223:1)
  (anonymous function) (https://g.alicdn.com/shop/shop-caja/0.1.0/r3001/??caja/caja-min.js,caja-adapter-min.js,balcony-min.js:1)
  simpleNotify (https://g.alicdn.com/shop/kissy-caja/1.3.1/event/base-min.js?t=20130701201313:10)
  notifyInternal (https://g.alicdn.com/shop/kissy-caja/1.3.1/event/dom/base-min.js?t=20130701201313:28)
  notify (https://g.alicdn.com/shop/kissy-caja/1.3.1/event/base-min.js?t=20130701201313:10)
  notify (https://g.alicdn.com/shop/kissy-caja/1.3.1/event/dom/base-min.js?t=20130701201313:23)
  handle (https://g.alicdn.com/shop/kissy-caja/1.3.1/event/dom/base-min.js?t=20130701201313:6)

  phantomjs://platform/console++.js:263 in error
[ERROR - 2018-03-12T01:12:58.533Z] Session [f6c732d0-253e-11e8-a9d3-41e2c324f08e] - page.onError - msg: TypeError: undefined is not an object (evaluating 'x1___.top_v___')

  phantomjs://platform/console++.js:263 in error
[ERROR - 2018-03-12T01:12:58.534Z] Session [f6c732d0-253e-11e8-a9d3-41e2c324f08e] - page.onError - stack:
  (anonymous function) (undefined:1)
  apply (:0)
  (anonymous function) (https://g.alicdn.com/shop/shop-caja/0.0.5/r3001/caja/es53-taming-frame-min.js?t=20131223:1)
  (anonymous function) (https://g.alicdn.com/shop/shop-caja/0.1.0/r3001/??caja/caja-min.js,caja-adapter-min.js,balcony-min.js:1)
  simpleNotify (https://g.alicdn.com/shop/kissy-caja/1.3.1/event/base-min.js?t=20130701201313:10)
  notifyInternal (https://g.alicdn.com/shop/kissy-caja/1.3.1/event/dom/base-min.js?t=20130701201313:28)
  notify (https://g.alicdn.com/shop/kissy-caja/1.3.1/event/base-min.js?t=20130701201313:10)
  notify (https://g.alicdn.com/shop/kissy-caja/1.3.1/event/dom/base-min.js?t=20130701201313:23)
  handle (https://g.alicdn.com/shop/kissy-caja/1.3.1/event/dom/base-min.js?t=20130701201313:6)

  phantomjs://platform/console++.js:263 in error
[ERROR - 2018-03-12T01:13:05.790Z] WebElementLocator - _handleLocateCommand - Element(s) NOT Found: GAVE UP. Search Stop Time: 1520817185783

  phantomjs://platform/console++.js:263 in error
[ERROR - 2018-03-12T01:13:12.961Z] WebElementLocator - _handleLocateCommand - Element(s) NOT Found: GAVE UP. Search Stop Time: 1520817192908

  phantomjs://platform/console++.js:263 in error
[ERROR - 2018-03-12T01:14:45.704Z] Session [f6c732d0-253e-11e8-a9d3-41e2c324f08e] - page.onError - msg: TypeError: undefined is not an object (evaluating 'x1___.top_v___')

  phantomjs://platform/console++.js:263 in error
[ERROR - 2018-03-12T01:14:45.705Z] Session [f6c732d0-253e-11e8-a9d3-41e2c324f08e] - page.onError - stack:
  (anonymous function) (undefined:1)
  apply (:0)
  (anonymous function) (https://g.alicdn.com/shop/shop-caja/0.0.5/r3001/caja/es53-taming-frame-min.js?t=20131223:1)
  (anonymous function) (https://g.alicdn.com/shop/shop-caja/0.1.0/r3001/??caja/caja-min.js,caja-adapter-min.js,balcony-min.js:1)
  simpleNotify (https://g.alicdn.com/shop/kissy-caja/1.3.1/event/base-min.js?t=20130701201313:10)
  notifyInternal (https://g.alicdn.com/shop/kissy-caja/1.3.1/event/dom/base-min.js?t=20130701201313:28)
  notify (https://g.alicdn.com/shop/kissy-caja/1.3.1/event/base-min.js?t=20130701201313:10)
  notify (https://g.alicdn.com/shop/kissy-caja/1.3.1/event/dom/base-min.js?t=20130701201313:23)
  handle (https://g.alicdn.com/shop/kissy-caja/1.3.1/event/dom/base-min.js?t=20130701201313:6)

  phantomjs://platform/console++.js:263 in error
[INFO  - 2018-03-12T01:14:56.290Z] SessionManagerReqHand - _cleanupWindowlessSessions - Asynchronous Sessions clean-up phase starting NOW
[ERROR - 2018-03-12T01:15:00.462Z] WebElementLocator - _handleLocateCommand - Element(s) NOT Found: GAVE UP. Search Stop Time: 1520817300449

  phantomjs://platform/console++.js:263 in error
[ERROR - 2018-03-12T01:16:33.975Z] Session [f6c732d0-253e-11e8-a9d3-41e2c324f08e] - page.onError - msg: TypeError: undefined is not an object (evaluating 'x1___.top_v___')

  phantomjs://platform/console++.js:263 in error
[ERROR - 2018-03-12T01:16:33.976Z] Session [f6c732d0-253e-11e8-a9d3-41e2c324f08e] - page.onError - stack:
  (anonymous function) (undefined:1)
  apply (:0)
  (anonymous function) (https://g.alicdn.com/shop/shop-caja/0.0.5/r3001/caja/es53-taming-frame-min.js?t=20131223:1)
  (anonymous function) (https://g.alicdn.com/shop/shop-caja/0.1.0/r3001/??caja/caja-min.js,caja-adapter-min.js,balcony-min.js:1)
  simpleNotify (https://g.alicdn.com/shop/kissy-caja/1.3.1/event/base-min.js?t=20130701201313:10)
  notifyInternal (https://g.alicdn.com/shop/kissy-caja/1.3.1/event/dom/base-min.js?t=20130701201313:28)
  notify (https://g.alicdn.com/shop/kissy-caja/1.3.1/event/base-min.js?t=20130701201313:10)
  notify (https://g.alicdn.com/shop/kissy-caja/1.3.1/event/dom/base-min.js?t=20130701201313:23)
  handle (https://g.alicdn.com/shop/kissy-caja/1.3.1/event/dom/base-min.js?t=20130701201313:6)

  phantomjs://platform/console++.js:263 in error
[ERROR - 2018-03-12T01:18:18.287Z] WebElementLocator - _handleLocateCommand - Element(s) NOT Found: GAVE UP. Search Stop Time: 1520817498235

  phantomjs://platform/console++.js:263 in error
[ERROR - 2018-03-12T01:18:19.695Z] Session [f6c732d0-253e-11e8-a9d3-41e2c324f08e] - page.onError - msg: TypeError: undefined is not an object (evaluating 'x1___.top_v___')

  phantomjs://platform/console++.js:263 in error
[ERROR - 2018-03-12T01:18:19.695Z] Session [f6c732d0-253e-11e8-a9d3-41e2c324f08e] - page.onError - stack:
  (anonymous function) (undefined:1)
  apply (:0)
  (anonymous function) (https://g.alicdn.com/shop/shop-caja/0.0.5/r3001/caja/es53-taming-frame-min.js?t=20131223:1)
  (anonymous function) (https://g.alicdn.com/shop/shop-caja/0.1.0/r3001/??caja/caja-min.js,caja-adapter-min.js,balcony-min.js:1)
  simpleNotify (https://g.alicdn.com/shop/kissy-caja/1.3.1/event/base-min.js?t=20130701201313:10)
  notifyInternal (https://g.alicdn.com/shop/kissy-caja/1.3.1/event/dom/base-min.js?t=20130701201313:28)
  notify (https://g.alicdn.com/shop/kissy-caja/1.3.1/event/base-min.js?t=20130701201313:10)
  notify (https://g.alicdn.com/shop/kissy-caja/1.3.1/event/dom/base-min.js?t=20130701201313:23)
  handle (https://g.alicdn.com/shop/kissy-caja/1.3.1/event/dom/base-min.js?t=20130701201313:6)

  phantomjs://platform/console++.js:263 in error
[ERROR - 2018-03-12T01:18:26.147Z] WebElementLocator - _handleLocateCommand - Element(s) NOT Found: GAVE UP. Search Stop Time: 1520817506145

  phantomjs://platform/console++.js:263 in error
[INFO  - 2018-03-12T01:19:56.290Z] SessionManagerReqHand - _cleanupWindowlessSessions - Asynchronous Sessions clean-up phase starting NOW
[ERROR - 2018-03-12T01:20:02.837Z] Session [f6c732d0-253e-11e8-a9d3-41e2c324f08e] - page.onError - msg: TypeError: undefined is not an object (evaluating 'x1___.top_v___')

  phantomjs://platform/console++.js:263 in error
[ERROR - 2018-03-12T01:20:02.837Z] Session [f6c732d0-253e-11e8-a9d3-41e2c324f08e] - page.onError - stack:
  (anonymous function) (undefined:1)
  apply (:0)
  (anonymous function) (https://g.alicdn.com/shop/shop-caja/0.0.5/r3001/caja/es53-taming-frame-min.js?t=20131223:1)
  (anonymous function) (https://g.alicdn.com/shop/shop-caja/0.1.0/r3001/??caja/caja-min.js,caja-adapter-min.js,balcony-min.js:1)
  simpleNotify (https://g.alicdn.com/shop/kissy-caja/1.3.1/event/base-min.js?t=20130701201313:10)
  notifyInternal (https://g.alicdn.com/shop/kissy-caja/1.3.1/event/dom/base-min.js?t=20130701201313:28)
  notify (https://g.alicdn.com/shop/kissy-caja/1.3.1/event/base-min.js?t=20130701201313:10)
  notify (https://g.alicdn.com/shop/kissy-caja/1.3.1/event/dom/base-min.js?t=20130701201313:23)
  handle (https://g.alicdn.com/shop/kissy-caja/1.3.1/event/dom/base-min.js?t=20130701201313:6)

  phantomjs://platform/console++.js:263 in error
[ERROR - 2018-03-12T01:20:06.088Z] WebElementLocator - _handleLocateCommand - Element(s) NOT Found: GAVE UP. Search Stop Time: 1520817606041

  phantomjs://platform/console++.js:263 in error
[ERROR - 2018-03-12T01:20:08.917Z] WebElementLocator - _handleLocateCommand - Element(s) NOT Found: GAVE UP. Search Stop Time: 1520817608914

  phantomjs://platform/console++.js:263 in error
[ERROR - 2018-03-12T01:21:44.972Z] Session [f6c732d0-253e-11e8-a9d3-41e2c324f08e] - page.onError - msg: TypeError: undefined is not an object (evaluating 'x1___.top_v___')

  phantomjs://platform/console++.js:263 in error
[ERROR - 2018-03-12T01:21:44.973Z] Session [f6c732d0-253e-11e8-a9d3-41e2c324f08e] - page.onError - stack:
  (anonymous function) (undefined:1)
  apply (:0)
  (anonymous function) (https://g.alicdn.com/shop/shop-caja/0.0.5/r3001/caja/es53-taming-frame-min.js?t=20131223:1)
  (anonymous function) (https://g.alicdn.com/shop/shop-caja/0.1.0/r3001/??caja/caja-min.js,caja-adapter-min.js,balcony-min.js:1)
  simpleNotify (https://g.alicdn.com/shop/kissy-caja/1.3.1/event/base-min.js?t=20130701201313:10)
  notifyInternal (https://g.alicdn.com/shop/kissy-caja/1.3.1/event/dom/base-min.js?t=20130701201313:28)
  notify (https://g.alicdn.com/shop/kissy-caja/1.3.1/event/base-min.js?t=20130701201313:10)
  notify (https://g.alicdn.com/shop/kissy-caja/1.3.1/event/dom/base-min.js?t=20130701201313:23)
  handle (https://g.alicdn.com/shop/kissy-caja/1.3.1/event/dom/base-min.js?t=20130701201313:6)

  phantomjs://platform/console++.js:263 in error
[ERROR - 2018-03-12T01:21:48.221Z] WebElementLocator - _handleLocateCommand - Element(s) NOT Found: GAVE UP. Search Stop Time: 1520817708172

  phantomjs://platform/console++.js:263 in error
[ERROR - 2018-03-12T01:21:51.070Z] WebElementLocator - _handleLocateCommand - Element(s) NOT Found: GAVE UP. Search Stop Time: 1520817711067

  phantomjs://platform/console++.js:263 in error
[ERROR - 2018-03-12T01:21:58.354Z] WebElementLocator - _handleLocateCommand - Element(s) NOT Found: GAVE UP. Search Stop Time: 1520817718336

  phantomjs://platform/console++.js:263 in error
[ERROR - 2018-03-12T01:23:21.287Z] Session [f6c732d0-253e-11e8-a9d3-41e2c324f08e] - page.onError - msg: TypeError: undefined is not a constructor (evaluating 'window.goldlog.emit("shop_monitor_error",{error:c})')

  phantomjs://platform/console++.js:263 in error
[ERROR - 2018-03-12T01:23:21.287Z] Session [f6c732d0-253e-11e8-a9d3-41e2c324f08e] - page.onError - stack:
  _init (https://g.alicdn.com/shop/wangpu/1.7.5/??decoration/init-async-min.js,decoration/compatible-min.js,decoration/countdown-min.js,decoration/isv-min.js,decoration/shopmonitor-min.js,decoration/shopisv-min.js,decoration/asyncmod-min.js?t=20140409.js:2)
  (anonymous function) (https://g.alicdn.com/shop/wangpu/1.7.5/??decoration/init-async-min.js,decoration/compatible-min.js,decoration/countdown-min.js,decoration/isv-min.js,decoration/shopmonitor-min.js,decoration/shopisv-min.js,decoration/asyncmod-min.js?t=20140409.js:2)
  f (https://g.alicdn.com/??kissy/k/1.4.2/seed-min.js,mui/seed/1.3.0/seed.js,mui/globalmodule/3.0.83/seed.js,mui/btscfg-g/3.0.0/index.js,mui/bucket/3.0.4/index.js,mui/globalmodule/3.0.83/global-mod-pc.js,mui/globalmodule/3.0.83/global-mod.js,mui/global/3.0.28/global-pc.js,mui/global/3.0.28/global.js,tm/shop/3.2.42/app.js,tm/shop/3.2.42/page/shop.js:21)

  phantomjs://platform/console++.js:263 in error
[ERROR - 2018-03-12T01:23:27.425Z] Session [f6c732d0-253e-11e8-a9d3-41e2c324f08e] - page.onError - msg: TypeError: undefined is not an object (evaluating 'x1___.top_v___')

  phantomjs://platform/console++.js:263 in error
[ERROR - 2018-03-12T01:23:27.425Z] Session [f6c732d0-253e-11e8-a9d3-41e2c324f08e] - page.onError - stack:
  (anonymous function) (undefined:1)
  apply (:0)
  (anonymous function) (https://g.alicdn.com/shop/shop-caja/0.0.5/r3001/caja/es53-taming-frame-min.js?t=20131223:1)
  (anonymous function) (https://g.alicdn.com/shop/shop-caja/0.1.0/r3001/??caja/caja-min.js,caja-adapter-min.js,balcony-min.js:1)
  simpleNotify (https://g.alicdn.com/shop/kissy-caja/1.3.1/event/base-min.js?t=20130701201313:10)
  notifyInternal (https://g.alicdn.com/shop/kissy-caja/1.3.1/event/dom/base-min.js?t=20130701201313:28)
  notify (https://g.alicdn.com/shop/kissy-caja/1.3.1/event/base-min.js?t=20130701201313:10)
  notify (https://g.alicdn.com/shop/kissy-caja/1.3.1/event/dom/base-min.js?t=20130701201313:23)
  handle (https://g.alicdn.com/shop/kissy-caja/1.3.1/event/dom/base-min.js?t=20130701201313:6)

  phantomjs://platform/console++.js:263 in error
[ERROR - 2018-03-12T01:23:35.448Z] WebElementLocator - _handleLocateCommand - Element(s) NOT Found: GAVE UP. Search Stop Time: 1520817815385

  phantomjs://platform/console++.js:263 in error
[ERROR - 2018-03-12T01:23:42.382Z] WebElementLocator - _handleLocateCommand - Element(s) NOT Found: GAVE UP. Search Stop Time: 1520817822376

  phantomjs://platform/console++.js:263 in error
[INFO  - 2018-03-12T01:24:56.295Z] SessionManagerReqHand - _cleanupWindowlessSessions - Asynchronous Sessions clean-up phase starting NOW
[ERROR - 2018-03-12T01:25:10.821Z] Session [f6c732d0-253e-11e8-a9d3-41e2c324f08e] - page.onError - msg: TypeError: undefined is not an object (evaluating 'x1___.top_v___')

  phantomjs://platform/console++.js:263 in error
[ERROR - 2018-03-12T01:25:10.821Z] Session [f6c732d0-253e-11e8-a9d3-41e2c324f08e] - page.onError - stack:
  (anonymous function) (undefined:1)
  apply (:0)
  (anonymous function) (https://g.alicdn.com/shop/shop-caja/0.0.5/r3001/caja/es53-taming-frame-min.js?t=20131223:1)
  (anonymous function) (https://g.alicdn.com/shop/shop-caja/0.1.0/r3001/??caja/caja-min.js,caja-adapter-min.js,balcony-min.js:1)
  simpleNotify (https://g.alicdn.com/shop/kissy-caja/1.3.1/event/base-min.js?t=20130701201313:10)
  notifyInternal (https://g.alicdn.com/shop/kissy-caja/1.3.1/event/dom/base-min.js?t=20130701201313:28)
  notify (https://g.alicdn.com/shop/kissy-caja/1.3.1/event/base-min.js?t=20130701201313:10)
  notify (https://g.alicdn.com/shop/kissy-caja/1.3.1/event/dom/base-min.js?t=20130701201313:23)
  handle (https://g.alicdn.com/shop/kissy-caja/1.3.1/event/dom/base-min.js?t=20130701201313:6)

  phantomjs://platform/console++.js:263 in error
[ERROR - 2018-03-12T01:25:25.852Z] WebElementLocator - _handleLocateCommand - Element(s) NOT Found: GAVE UP. Search Stop Time: 1520817925848

  phantomjs://platform/console++.js:263 in error
[ERROR - 2018-03-12T01:26:53.917Z] Session [f6c732d0-253e-11e8-a9d3-41e2c324f08e] - page.onError - msg: TypeError: undefined is not an object (evaluating 'x1___.top_v___')

  phantomjs://platform/console++.js:263 in error
[ERROR - 2018-03-12T01:26:53.917Z] Session [f6c732d0-253e-11e8-a9d3-41e2c324f08e] - page.onError - stack:
  (anonymous function) (undefined:1)
  apply (:0)
  (anonymous function) (https://g.alicdn.com/shop/shop-caja/0.0.5/r3001/caja/es53-taming-frame-min.js?t=20131223:1)
  (anonymous function) (https://g.alicdn.com/shop/shop-caja/0.1.0/r3001/??caja/caja-min.js,caja-adapter-min.js,balcony-min.js:1)
  simpleNotify (https://g.alicdn.com/shop/kissy-caja/1.3.1/event/base-min.js?t=20130701201313:10)
  notifyInternal (https://g.alicdn.com/shop/kissy-caja/1.3.1/event/dom/base-min.js?t=20130701201313:28)
  notify (https://g.alicdn.com/shop/kissy-caja/1.3.1/event/base-min.js?t=20130701201313:10)
  notify (https://g.alicdn.com/shop/kissy-caja/1.3.1/event/dom/base-min.js?t=20130701201313:23)
  handle (https://g.alicdn.com/shop/kissy-caja/1.3.1/event/dom/base-min.js?t=20130701201313:6)

  phantomjs://platform/console++.js:263 in error
[ERROR - 2018-03-12T01:27:01.136Z] WebElementLocator - _handleLocateCommand - Element(s) NOT Found: GAVE UP. Search Stop Time: 1520818021074

  phantomjs://platform/console++.js:263 in error
[ERROR - 2018-03-12T01:27:08.336Z] WebElementLocator - _handleLocateCommand - Element(s) NOT Found: GAVE UP. Search Stop Time: 1520818028273

  phantomjs://platform/console++.js:263 in error
[ERROR - 2018-03-12T01:28:37.501Z] Session [f6c732d0-253e-11e8-a9d3-41e2c324f08e] - page.onError - msg: TypeError: undefined is not an object (evaluating 'x1___.top_v___')

  phantomjs://platform/console++.js:263 in error
[ERROR - 2018-03-12T01:28:37.501Z] Session [f6c732d0-253e-11e8-a9d3-41e2c324f08e] - page.onError - stack:
  (anonymous function) (undefined:1)
  apply (:0)
  (anonymous function) (https://g.alicdn.com/shop/shop-caja/0.0.5/r3001/caja/es53-taming-frame-min.js?t=20131223:1)
  (anonymous function) (https://g.alicdn.com/shop/shop-caja/0.1.0/r3001/??caja/caja-min.js,caja-adapter-min.js,balcony-min.js:1)
  simpleNotify (https://g.alicdn.com/shop/kissy-caja/1.3.1/event/base-min.js?t=20130701201313:10)
  notifyInternal (https://g.alicdn.com/shop/kissy-caja/1.3.1/event/dom/base-min.js?t=20130701201313:28)
  notify (https://g.alicdn.com/shop/kissy-caja/1.3.1/event/base-min.js?t=20130701201313:10)
  notify (https://g.alicdn.com/shop/kissy-caja/1.3.1/event/dom/base-min.js?t=20130701201313:23)
  handle (https://g.alicdn.com/shop/kissy-caja/1.3.1/event/dom/base-min.js?t=20130701201313:6)

  phantomjs://platform/console++.js:263 in error
[ERROR - 2018-03-12T01:28:44.602Z] WebElementLocator - _handleLocateCommand - Element(s) NOT Found: GAVE UP. Search Stop Time: 1520818124596

  phantomjs://platform/console++.js:263 in error
[INFO  - 2018-03-12T01:29:56.296Z] SessionManagerReqHand - _cleanupWindowlessSessions - Asynchronous Sessions clean-up phase starting NOW
[ERROR - 2018-03-12T01:30:20.291Z] Session [f6c732d0-253e-11e8-a9d3-41e2c324f08e] - page.onError - msg: TypeError: undefined is not an object (evaluating 'x1___.top_v___')

  phantomjs://platform/console++.js:263 in error
[ERROR - 2018-03-12T01:30:20.291Z] Session [f6c732d0-253e-11e8-a9d3-41e2c324f08e] - page.onError - stack:
  (anonymous function) (undefined:1)
  apply (:0)
  (anonymous function) (https://g.alicdn.com/shop/shop-caja/0.0.5/r3001/caja/es53-taming-frame-min.js?t=20131223:1)
  (anonymous function) (https://g.alicdn.com/shop/shop-caja/0.1.0/r3001/??caja/caja-min.js,caja-adapter-min.js,balcony-min.js:1)
  simpleNotify (https://g.alicdn.com/shop/kissy-caja/1.3.1/event/base-min.js?t=20130701201313:10)
  notifyInternal (https://g.alicdn.com/shop/kissy-caja/1.3.1/event/dom/base-min.js?t=20130701201313:28)
  notify (https://g.alicdn.com/shop/kissy-caja/1.3.1/event/base-min.js?t=20130701201313:10)
  notify (https://g.alicdn.com/shop/kissy-caja/1.3.1/event/dom/base-min.js?t=20130701201313:23)
  handle (https://g.alicdn.com/shop/kissy-caja/1.3.1/event/dom/base-min.js?t=20130701201313:6)

  phantomjs://platform/console++.js:263 in error
[ERROR - 2018-03-12T01:30:27.644Z] WebElementLocator - _handleLocateCommand - Element(s) NOT Found: GAVE UP. Search Stop Time: 1520818227602

  phantomjs://platform/console++.js:263 in error
[ERROR - 2018-03-12T01:32:02.587Z] Session [f6c732d0-253e-11e8-a9d3-41e2c324f08e] - page.onError - msg: TypeError: undefined is not a constructor (evaluating 'window.goldlog.emit("shop_monitor_error",{error:c})')

  phantomjs://platform/console++.js:263 in error
[ERROR - 2018-03-12T01:32:02.588Z] Session [f6c732d0-253e-11e8-a9d3-41e2c324f08e] - page.onError - stack:
  _init (https://g.alicdn.com/shop/wangpu/1.7.5/??decoration/init-async-min.js,decoration/compatible-min.js,decoration/countdown-min.js,decoration/isv-min.js,decoration/shopmonitor-min.js,decoration/shopisv-min.js,decoration/asyncmod-min.js?t=20140409.js:2)
  (anonymous function) (https://g.alicdn.com/shop/wangpu/1.7.5/??decoration/init-async-min.js,decoration/compatible-min.js,decoration/countdown-min.js,decoration/isv-min.js,decoration/shopmonitor-min.js,decoration/shopisv-min.js,decoration/asyncmod-min.js?t=20140409.js:2)
  f (https://g.alicdn.com/??kissy/k/1.4.2/seed-min.js,mui/seed/1.3.0/seed.js,mui/globalmodule/3.0.83/seed.js,mui/btscfg-g/3.0.0/index.js,mui/bucket/3.0.4/index.js,mui/globalmodule/3.0.83/global-mod-pc.js,mui/globalmodule/3.0.83/global-mod.js,mui/global/3.0.28/global-pc.js,mui/global/3.0.28/global.js,tm/shop/3.2.42/app.js,tm/shop/3.2.42/page/shop.js:21)

  phantomjs://platform/console++.js:263 in error
[ERROR - 2018-03-12T01:32:03.721Z] Session [f6c732d0-253e-11e8-a9d3-41e2c324f08e] - page.onError - msg: TypeError: undefined is not an object (evaluating 'x1___.top_v___')

  phantomjs://platform/console++.js:263 in error
[ERROR - 2018-03-12T01:32:03.721Z] Session [f6c732d0-253e-11e8-a9d3-41e2c324f08e] - page.onError - stack:
  (anonymous function) (undefined:1)
  apply (:0)
  (anonymous function) (https://g.alicdn.com/shop/shop-caja/0.0.5/r3001/caja/es53-taming-frame-min.js?t=20131223:1)
  (anonymous function) (https://g.alicdn.com/shop/shop-caja/0.1.0/r3001/??caja/caja-min.js,caja-adapter-min.js,balcony-min.js:1)
  simpleNotify (https://g.alicdn.com/shop/kissy-caja/1.3.1/event/base-min.js?t=20130701201313:10)
  notifyInternal (https://g.alicdn.com/shop/kissy-caja/1.3.1/event/dom/base-min.js?t=20130701201313:28)
  notify (https://g.alicdn.com/shop/kissy-caja/1.3.1/event/base-min.js?t=20130701201313:10)
  notify (https://g.alicdn.com/shop/kissy-caja/1.3.1/event/dom/base-min.js?t=20130701201313:23)
  handle (https://g.alicdn.com/shop/kissy-caja/1.3.1/event/dom/base-min.js?t=20130701201313:6)

  phantomjs://platform/console++.js:263 in error
[ERROR - 2018-03-12T01:32:11.197Z] WebElementLocator - _handleLocateCommand - Element(s) NOT Found: GAVE UP. Search Stop Time: 1520818331184

  phantomjs://platform/console++.js:263 in error
[ERROR - 2018-03-12T01:32:18.335Z] WebElementLocator - _handleLocateCommand - Element(s) NOT Found: GAVE UP. Search Stop Time: 1520818338316

  phantomjs://platform/console++.js:263 in error
[ERROR - 2018-03-12T01:33:27.085Z] Session [f6c732d0-253e-11e8-a9d3-41e2c324f08e] - page.onError - msg: TypeError: undefined is not a constructor (evaluating 'window.goldlog.emit("shop_monitor_error",{error:c})')

  phantomjs://platform/console++.js:263 in error
[ERROR - 2018-03-12T01:33:27.086Z] Session [f6c732d0-253e-11e8-a9d3-41e2c324f08e] - page.onError - stack:
  _init (https://g.alicdn.com/shop/wangpu/1.7.5/??decoration/init-async-min.js,decoration/compatible-min.js,decoration/countdown-min.js,decoration/isv-min.js,decoration/shopmonitor-min.js,decoration/shopisv-min.js,decoration/asyncmod-min.js?t=20140409.js:2)
  (anonymous function) (https://g.alicdn.com/shop/wangpu/1.7.5/??decoration/init-async-min.js,decoration/compatible-min.js,decoration/countdown-min.js,decoration/isv-min.js,decoration/shopmonitor-min.js,decoration/shopisv-min.js,decoration/asyncmod-min.js?t=20140409.js:2)
  f (https://g.alicdn.com/??kissy/k/1.4.2/seed-min.js,mui/seed/1.3.0/seed.js,mui/globalmodule/3.0.83/seed.js,mui/btscfg-g/3.0.0/index.js,mui/bucket/3.0.4/index.js,mui/globalmodule/3.0.83/global-mod-pc.js,mui/globalmodule/3.0.83/global-mod.js,mui/global/3.0.28/global-pc.js,mui/global/3.0.28/global.js,tm/shop/3.2.42/app.js,tm/shop/3.2.42/page/shop.js:21)

  phantomjs://platform/console++.js:263 in error
[ERROR - 2018-03-12T01:33:45.884Z] Session [f6c732d0-253e-11e8-a9d3-41e2c324f08e] - page.onError - msg: TypeError: undefined is not an object (evaluating 'x1___.top_v___')

  phantomjs://platform/console++.js:263 in error
[ERROR - 2018-03-12T01:33:45.884Z] Session [f6c732d0-253e-11e8-a9d3-41e2c324f08e] - page.onError - stack:
  (anonymous function) (undefined:1)
  apply (:0)
  (anonymous function) (https://g.alicdn.com/shop/shop-caja/0.0.5/r3001/caja/es53-taming-frame-min.js?t=20131223:1)
  (anonymous function) (https://g.alicdn.com/shop/shop-caja/0.1.0/r3001/??caja/caja-min.js,caja-adapter-min.js,balcony-min.js:1)
  simpleNotify (https://g.alicdn.com/shop/kissy-caja/1.3.1/event/base-min.js?t=20130701201313:10)
  notifyInternal (https://g.alicdn.com/shop/kissy-caja/1.3.1/event/dom/base-min.js?t=20130701201313:28)
  notify (https://g.alicdn.com/shop/kissy-caja/1.3.1/event/base-min.js?t=20130701201313:10)
  notify (https://g.alicdn.com/shop/kissy-caja/1.3.1/event/dom/base-min.js?t=20130701201313:23)
  handle (https://g.alicdn.com/shop/kissy-caja/1.3.1/event/dom/base-min.js?t=20130701201313:6)

  phantomjs://platform/console++.js:263 in error
[ERROR - 2018-03-12T01:34:00.757Z] WebElementLocator - _handleLocateCommand - Element(s) NOT Found: GAVE UP. Search Stop Time: 1520818440753

  phantomjs://platform/console++.js:263 in error
[INFO  - 2018-03-12T01:34:56.296Z] SessionManagerReqHand - _cleanupWindowlessSessions - Asynchronous Sessions clean-up phase starting NOW
[ERROR - 2018-03-12T01:35:30.983Z] Session [f6c732d0-253e-11e8-a9d3-41e2c324f08e] - page.onError - msg: TypeError: undefined is not an object (evaluating 'x1___.top_v___')

  phantomjs://platform/console++.js:263 in error
[ERROR - 2018-03-12T01:35:30.983Z] Session [f6c732d0-253e-11e8-a9d3-41e2c324f08e] - page.onError - stack:
  (anonymous function) (undefined:1)
  apply (:0)
  (anonymous function) (https://g.alicdn.com/shop/shop-caja/0.0.5/r3001/caja/es53-taming-frame-min.js?t=20131223:1)
  (anonymous function) (https://g.alicdn.com/shop/shop-caja/0.1.0/r3001/??caja/caja-min.js,caja-adapter-min.js,balcony-min.js:1)
  simpleNotify (https://g.alicdn.com/shop/kissy-caja/1.3.1/event/base-min.js?t=20130701201313:10)
  notifyInternal (https://g.alicdn.com/shop/kissy-caja/1.3.1/event/dom/base-min.js?t=20130701201313:28)
  notify (https://g.alicdn.com/shop/kissy-caja/1.3.1/event/base-min.js?t=20130701201313:10)
  notify (https://g.alicdn.com/shop/kissy-caja/1.3.1/event/dom/base-min.js?t=20130701201313:23)
  handle (https://g.alicdn.com/shop/kissy-caja/1.3.1/event/dom/base-min.js?t=20130701201313:6)

  phantomjs://platform/console++.js:263 in error
[ERROR - 2018-03-12T01:35:37.961Z] WebElementLocator - _handleLocateCommand - Element(s) NOT Found: GAVE UP. Search Stop Time: 1520818537952

  phantomjs://platform/console++.js:263 in error
[ERROR - 2018-03-12T01:35:45.368Z] WebElementLocator - _handleLocateCommand - Element(s) NOT Found: GAVE UP. Search Stop Time: 1520818545309

  phantomjs://platform/console++.js:263 in error
[ERROR - 2018-03-12T01:37:13.988Z] Session [f6c732d0-253e-11e8-a9d3-41e2c324f08e] - page.onError - msg: TypeError: undefined is not an object (evaluating 'x1___.top_v___')

  phantomjs://platform/console++.js:263 in error
[ERROR - 2018-03-12T01:37:13.988Z] Session [f6c732d0-253e-11e8-a9d3-41e2c324f08e] - page.onError - stack:
  (anonymous function) (undefined:1)
  apply (:0)
  (anonymous function) (https://g.alicdn.com/shop/shop-caja/0.0.5/r3001/caja/es53-taming-frame-min.js?t=20131223:1)
  (anonymous function) (https://g.alicdn.com/shop/shop-caja/0.1.0/r3001/??caja/caja-min.js,caja-adapter-min.js,balcony-min.js:1)
  simpleNotify (https://g.alicdn.com/shop/kissy-caja/1.3.1/event/base-min.js?t=20130701201313:10)
  notifyInternal (https://g.alicdn.com/shop/kissy-caja/1.3.1/event/dom/base-min.js?t=20130701201313:28)
  notify (https://g.alicdn.com/shop/kissy-caja/1.3.1/event/base-min.js?t=20130701201313:10)
  notify (https://g.alicdn.com/shop/kissy-caja/1.3.1/event/dom/base-min.js?t=20130701201313:23)
  handle (https://g.alicdn.com/shop/kissy-caja/1.3.1/event/dom/base-min.js?t=20130701201313:6)

  phantomjs://platform/console++.js:263 in error
[ERROR - 2018-03-12T01:37:21.084Z] WebElementLocator - _handleLocateCommand - Element(s) NOT Found: GAVE UP. Search Stop Time: 1520818641082

  phantomjs://platform/console++.js:263 in error
[ERROR - 2018-03-12T01:37:27.852Z] WebElementLocator - _handleLocateCommand - Element(s) NOT Found: GAVE UP. Search Stop Time: 1520818647796

  phantomjs://platform/console++.js:263 in error
[ERROR - 2018-03-12T01:38:58.137Z] Session [f6c732d0-253e-11e8-a9d3-41e2c324f08e] - page.onError - msg: TypeError: undefined is not an object (evaluating 'x1___.top_v___')

  phantomjs://platform/console++.js:263 in error
[ERROR - 2018-03-12T01:38:58.137Z] Session [f6c732d0-253e-11e8-a9d3-41e2c324f08e] - page.onError - stack:
  (anonymous function) (undefined:1)
  apply (:0)
  (anonymous function) (https://g.alicdn.com/shop/shop-caja/0.0.5/r3001/caja/es53-taming-frame-min.js?t=20131223:1)
  (anonymous function) (https://g.alicdn.com/shop/shop-caja/0.1.0/r3001/??caja/caja-min.js,caja-adapter-min.js,balcony-min.js:1)
  simpleNotify (https://g.alicdn.com/shop/kissy-caja/1.3.1/event/base-min.js?t=20130701201313:10)
  notifyInternal (https://g.alicdn.com/shop/kissy-caja/1.3.1/event/dom/base-min.js?t=20130701201313:28)
  notify (https://g.alicdn.com/shop/kissy-caja/1.3.1/event/base-min.js?t=20130701201313:10)
  notify (https://g.alicdn.com/shop/kissy-caja/1.3.1/event/dom/base-min.js?t=20130701201313:23)
  handle (https://g.alicdn.com/shop/kissy-caja/1.3.1/event/dom/base-min.js?t=20130701201313:6)

  phantomjs://platform/console++.js:263 in error
[ERROR - 2018-03-12T01:39:05.634Z] WebElementLocator - _handleLocateCommand - Element(s) NOT Found: GAVE UP. Search Stop Time: 1520818745630

  phantomjs://platform/console++.js:263 in error
[ERROR - 2018-03-12T01:39:12.804Z] WebElementLocator - _handleLocateCommand - Element(s) NOT Found: GAVE UP. Search Stop Time: 1520818752796

  phantomjs://platform/console++.js:263 in error
[INFO  - 2018-03-12T01:39:56.310Z] SessionManagerReqHand - _cleanupWindowlessSessions - Asynchronous Sessions clean-up phase starting NOW
[ERROR - 2018-03-12T01:40:41.598Z] Session [f6c732d0-253e-11e8-a9d3-41e2c324f08e] - page.onError - msg: TypeError: undefined is not an object (evaluating 'x1___.top_v___')

  phantomjs://platform/console++.js:263 in error
[ERROR - 2018-03-12T01:40:41.599Z] Session [f6c732d0-253e-11e8-a9d3-41e2c324f08e] - page.onError - stack:
  (anonymous function) (undefined:1)
  apply (:0)
  (anonymous function) (https://g.alicdn.com/shop/shop-caja/0.0.5/r3001/caja/es53-taming-frame-min.js?t=20131223:1)
  (anonymous function) (https://g.alicdn.com/shop/shop-caja/0.1.0/r3001/??caja/caja-min.js,caja-adapter-min.js,balcony-min.js:1)
  simpleNotify (https://g.alicdn.com/shop/kissy-caja/1.3.1/event/base-min.js?t=20130701201313:10)
  notifyInternal (https://g.alicdn.com/shop/kissy-caja/1.3.1/event/dom/base-min.js?t=20130701201313:28)
  notify (https://g.alicdn.com/shop/kissy-caja/1.3.1/event/base-min.js?t=20130701201313:10)
  notify (https://g.alicdn.com/shop/kissy-caja/1.3.1/event/dom/base-min.js?t=20130701201313:23)
  handle (https://g.alicdn.com/shop/kissy-caja/1.3.1/event/dom/base-min.js?t=20130701201313:6)

  phantomjs://platform/console++.js:263 in error
[ERROR - 2018-03-12T01:42:25.289Z] Session [f6c732d0-253e-11e8-a9d3-41e2c324f08e] - page.onError - msg: TypeError: undefined is not an object (evaluating 'x1___.top_v___')

  phantomjs://platform/console++.js:263 in error
[ERROR - 2018-03-12T01:42:25.290Z] Session [f6c732d0-253e-11e8-a9d3-41e2c324f08e] - page.onError - stack:
  (anonymous function) (undefined:1)
  apply (:0)
  (anonymous function) (https://g.alicdn.com/shop/shop-caja/0.0.5/r3001/caja/es53-taming-frame-min.js?t=20131223:1)
  (anonymous function) (https://g.alicdn.com/shop/shop-caja/0.1.0/r3001/??caja/caja-min.js,caja-adapter-min.js,balcony-min.js:1)
  simpleNotify (https://g.alicdn.com/shop/kissy-caja/1.3.1/event/base-min.js?t=20130701201313:10)
  notifyInternal (https://g.alicdn.com/shop/kissy-caja/1.3.1/event/dom/base-min.js?t=20130701201313:28)
  notify (https://g.alicdn.com/shop/kissy-caja/1.3.1/event/base-min.js?t=20130701201313:10)
  notify (https://g.alicdn.com/shop/kissy-caja/1.3.1/event/dom/base-min.js?t=20130701201313:23)
  handle (https://g.alicdn.com/shop/kissy-caja/1.3.1/event/dom/base-min.js?t=20130701201313:6)

  phantomjs://platform/console++.js:263 in error
[ERROR - 2018-03-12T01:42:32.382Z] WebElementLocator - _handleLocateCommand - Element(s) NOT Found: GAVE UP. Search Stop Time: 1520818952322

  phantomjs://platform/console++.js:263 in error
[ERROR - 2018-03-12T01:42:39.353Z] WebElementLocator - _handleLocateCommand - Element(s) NOT Found: GAVE UP. Search Stop Time: 1520818959328

  phantomjs://platform/console++.js:263 in error
[ERROR - 2018-03-12T01:44:09.423Z] Session [f6c732d0-253e-11e8-a9d3-41e2c324f08e] - page.onError - msg: TypeError: undefined is not an object (evaluating 'x1___.top_v___')

  phantomjs://platform/console++.js:263 in error
[ERROR - 2018-03-12T01:44:09.423Z] Session [f6c732d0-253e-11e8-a9d3-41e2c324f08e] - page.onError - stack:
  (anonymous function) (undefined:1)
  apply (:0)
  (anonymous function) (https://g.alicdn.com/shop/shop-caja/0.0.5/r3001/caja/es53-taming-frame-min.js?t=20131223:1)
  (anonymous function) (https://g.alicdn.com/shop/shop-caja/0.1.0/r3001/??caja/caja-min.js,caja-adapter-min.js,balcony-min.js:1)
  simpleNotify (https://g.alicdn.com/shop/kissy-caja/1.3.1/event/base-min.js?t=20130701201313:10)
  notifyInternal (https://g.alicdn.com/shop/kissy-caja/1.3.1/event/dom/base-min.js?t=20130701201313:28)
  notify (https://g.alicdn.com/shop/kissy-caja/1.3.1/event/base-min.js?t=20130701201313:10)
  notify (https://g.alicdn.com/shop/kissy-caja/1.3.1/event/dom/base-min.js?t=20130701201313:23)
  handle (https://g.alicdn.com/shop/kissy-caja/1.3.1/event/dom/base-min.js?t=20130701201313:6)

  phantomjs://platform/console++.js:263 in error
[ERROR - 2018-03-12T01:44:16.289Z] WebElementLocator - _handleLocateCommand - Element(s) NOT Found: GAVE UP. Search Stop Time: 1520819056288

  phantomjs://platform/console++.js:263 in error
[ERROR - 2018-03-12T01:44:22.900Z] WebElementLocator - _handleLocateCommand - Element(s) NOT Found: GAVE UP. Search Stop Time: 1520819062893

  phantomjs://platform/console++.js:263 in error
[INFO  - 2018-03-12T01:44:56.310Z] SessionManagerReqHand - _cleanupWindowlessSessions - Asynchronous Sessions clean-up phase starting NOW
[ERROR - 2018-03-12T01:45:52.928Z] Session [f6c732d0-253e-11e8-a9d3-41e2c324f08e] - page.onError - msg: TypeError: undefined is not an object (evaluating 'x1___.top_v___')

  phantomjs://platform/console++.js:263 in error
[ERROR - 2018-03-12T01:45:52.928Z] Session [f6c732d0-253e-11e8-a9d3-41e2c324f08e] - page.onError - stack:
  (anonymous function) (undefined:1)
  apply (:0)
  (anonymous function) (https://g.alicdn.com/shop/shop-caja/0.0.5/r3001/caja/es53-taming-frame-min.js?t=20131223:1)
  (anonymous function) (https://g.alicdn.com/shop/shop-caja/0.1.0/r3001/??caja/caja-min.js,caja-adapter-min.js,balcony-min.js:1)
  simpleNotify (https://g.alicdn.com/shop/kissy-caja/1.3.1/event/base-min.js?t=20130701201313:10)
  notifyInternal (https://g.alicdn.com/shop/kissy-caja/1.3.1/event/dom/base-min.js?t=20130701201313:28)
  notify (https://g.alicdn.com/shop/kissy-caja/1.3.1/event/base-min.js?t=20130701201313:10)
  notify (https://g.alicdn.com/shop/kissy-caja/1.3.1/event/dom/base-min.js?t=20130701201313:23)
  handle (https://g.alicdn.com/shop/kissy-caja/1.3.1/event/dom/base-min.js?t=20130701201313:6)

  phantomjs://platform/console++.js:263 in error
[ERROR - 2018-03-12T01:45:59.868Z] WebElementLocator - _handleLocateCommand - Element(s) NOT Found: GAVE UP. Search Stop Time: 1520819159866

  phantomjs://platform/console++.js:263 in error
[ERROR - 2018-03-12T01:47:35.150Z] Session [f6c732d0-253e-11e8-a9d3-41e2c324f08e] - page.onError - msg: TypeError: undefined is not an object (evaluating 'x1___.top_v___')

  phantomjs://platform/console++.js:263 in error
[ERROR - 2018-03-12T01:47:35.151Z] Session [f6c732d0-253e-11e8-a9d3-41e2c324f08e] - page.onError - stack:
  (anonymous function) (undefined:1)
  apply (:0)
  (anonymous function) (https://g.alicdn.com/shop/shop-caja/0.0.5/r3001/caja/es53-taming-frame-min.js?t=20131223:1)
  (anonymous function) (https://g.alicdn.com/shop/shop-caja/0.1.0/r3001/??caja/caja-min.js,caja-adapter-min.js,balcony-min.js:1)
  simpleNotify (https://g.alicdn.com/shop/kissy-caja/1.3.1/event/base-min.js?t=20130701201313:10)
  notifyInternal (https://g.alicdn.com/shop/kissy-caja/1.3.1/event/dom/base-min.js?t=20130701201313:28)
  notify (https://g.alicdn.com/shop/kissy-caja/1.3.1/event/base-min.js?t=20130701201313:10)
  notify (https://g.alicdn.com/shop/kissy-caja/1.3.1/event/dom/base-min.js?t=20130701201313:23)
  handle (https://g.alicdn.com/shop/kissy-caja/1.3.1/event/dom/base-min.js?t=20130701201313:6)

  phantomjs://platform/console++.js:263 in error
[ERROR - 2018-03-12T01:47:42.696Z] WebElementLocator - _handleLocateCommand - Element(s) NOT Found: GAVE UP. Search Stop Time: 1520819262637

  phantomjs://platform/console++.js:263 in error
[ERROR - 2018-03-12T01:47:49.774Z] WebElementLocator - _handleLocateCommand - Element(s) NOT Found: GAVE UP. Search Stop Time: 1520819269711

  phantomjs://platform/console++.js:263 in error
[ERROR - 2018-03-12T01:49:18.756Z] Session [f6c732d0-253e-11e8-a9d3-41e2c324f08e] - page.onError - msg: TypeError: undefined is not an object (evaluating 'x1___.top_v___')

  phantomjs://platform/console++.js:263 in error
[ERROR - 2018-03-12T01:49:18.756Z] Session [f6c732d0-253e-11e8-a9d3-41e2c324f08e] - page.onError - stack:
  (anonymous function) (undefined:1)
  apply (:0)
  (anonymous function) (https://g.alicdn.com/shop/shop-caja/0.0.5/r3001/caja/es53-taming-frame-min.js?t=20131223:1)
  (anonymous function) (https://g.alicdn.com/shop/shop-caja/0.1.0/r3001/??caja/caja-min.js,caja-adapter-min.js,balcony-min.js:1)
  simpleNotify (https://g.alicdn.com/shop/kissy-caja/1.3.1/event/base-min.js?t=20130701201313:10)
  notifyInternal (https://g.alicdn.com/shop/kissy-caja/1.3.1/event/dom/base-min.js?t=20130701201313:28)
  notify (https://g.alicdn.com/shop/kissy-caja/1.3.1/event/base-min.js?t=20130701201313:10)
  notify (https://g.alicdn.com/shop/kissy-caja/1.3.1/event/dom/base-min.js?t=20130701201313:23)
  handle (https://g.alicdn.com/shop/kissy-caja/1.3.1/event/dom/base-min.js?t=20130701201313:6)

  phantomjs://platform/console++.js:263 in error
[ERROR - 2018-03-12T01:49:26.587Z] WebElementLocator - _handleLocateCommand - Element(s) NOT Found: GAVE UP. Search Stop Time: 1520819366579

  phantomjs://platform/console++.js:263 in error
[ERROR - 2018-03-12T01:49:33.629Z] WebElementLocator - _handleLocateCommand - Element(s) NOT Found: GAVE UP. Search Stop Time: 1520819373624

  phantomjs://platform/console++.js:263 in error
[INFO  - 2018-03-12T01:49:56.310Z] SessionManagerReqHand - _cleanupWindowlessSessions - Asynchronous Sessions clean-up phase starting NOW
[ERROR - 2018-03-12T01:50:46.919Z] Session [f6c732d0-253e-11e8-a9d3-41e2c324f08e] - page.onError - msg: TypeError: undefined is not a constructor (evaluating 'window.goldlog.emit("shop_monitor_error",{error:c})')

  phantomjs://platform/console++.js:263 in error
[ERROR - 2018-03-12T01:50:46.919Z] Session [f6c732d0-253e-11e8-a9d3-41e2c324f08e] - page.onError - stack:
  _init (https://g.alicdn.com/shop/wangpu/1.7.5/??decoration/init-async-min.js,decoration/compatible-min.js,decoration/countdown-min.js,decoration/isv-min.js,decoration/shopmonitor-min.js,decoration/shopisv-min.js,decoration/asyncmod-min.js?t=20140409.js:2)
  (anonymous function) (https://g.alicdn.com/shop/wangpu/1.7.5/??decoration/init-async-min.js,decoration/compatible-min.js,decoration/countdown-min.js,decoration/isv-min.js,decoration/shopmonitor-min.js,decoration/shopisv-min.js,decoration/asyncmod-min.js?t=20140409.js:2)
  f (https://g.alicdn.com/??kissy/k/1.4.2/seed-min.js,mui/seed/1.3.0/seed.js,mui/globalmodule/3.0.83/seed.js,mui/btscfg-g/3.0.0/index.js,mui/bucket/3.0.4/index.js,mui/globalmodule/3.0.83/global-mod-pc.js,mui/globalmodule/3.0.83/global-mod.js,mui/global/3.0.28/global-pc.js,mui/global/3.0.28/global.js,tm/shop/3.2.42/app.js,tm/shop/3.2.42/page/shop.js:21)

  phantomjs://platform/console++.js:263 in error
[ERROR - 2018-03-12T01:51:01.352Z] WebElementLocator - _handleLocateCommand - Element(s) NOT Found: GAVE UP. Search Stop Time: 1520819461350

  phantomjs://platform/console++.js:263 in error
[ERROR - 2018-03-12T01:51:02.764Z] Session [f6c732d0-253e-11e8-a9d3-41e2c324f08e] - page.onError - msg: TypeError: undefined is not an object (evaluating 'x1___.top_v___')

  phantomjs://platform/console++.js:263 in error
[ERROR - 2018-03-12T01:51:02.764Z] Session [f6c732d0-253e-11e8-a9d3-41e2c324f08e] - page.onError - stack:
  (anonymous function) (undefined:1)
  apply (:0)
  (anonymous function) (https://g.alicdn.com/shop/shop-caja/0.0.5/r3001/caja/es53-taming-frame-min.js?t=20131223:1)
  (anonymous function) (https://g.alicdn.com/shop/shop-caja/0.1.0/r3001/??caja/caja-min.js,caja-adapter-min.js,balcony-min.js:1)
  simpleNotify (https://g.alicdn.com/shop/kissy-caja/1.3.1/event/base-min.js?t=20130701201313:10)
  notifyInternal (https://g.alicdn.com/shop/kissy-caja/1.3.1/event/dom/base-min.js?t=20130701201313:28)
  notify (https://g.alicdn.com/shop/kissy-caja/1.3.1/event/base-min.js?t=20130701201313:10)
  notify (https://g.alicdn.com/shop/kissy-caja/1.3.1/event/dom/base-min.js?t=20130701201313:23)
  handle (https://g.alicdn.com/shop/kissy-caja/1.3.1/event/dom/base-min.js?t=20130701201313:6)

  phantomjs://platform/console++.js:263 in error
[ERROR - 2018-03-12T01:51:09.397Z] WebElementLocator - _handleLocateCommand - Element(s) NOT Found: GAVE UP. Search Stop Time: 1520819469389

  phantomjs://platform/console++.js:263 in error
[ERROR - 2018-03-12T01:51:10.399Z] WebElementLocator - _handleLocateCommand - Element(s) NOT Found: GAVE UP. Search Stop Time: 1520819470342

  phantomjs://platform/console++.js:263 in error
[ERROR - 2018-03-12T01:51:17.502Z] WebElementLocator - _handleLocateCommand - Element(s) NOT Found: GAVE UP. Search Stop Time: 1520819477491

  phantomjs://platform/console++.js:263 in error
[ERROR - 2018-03-12T01:52:48.060Z] Session [f6c732d0-253e-11e8-a9d3-41e2c324f08e] - page.onError - msg: TypeError: undefined is not an object (evaluating 'x1___.top_v___')

  phantomjs://platform/console++.js:263 in error
[ERROR - 2018-03-12T01:52:48.060Z] Session [f6c732d0-253e-11e8-a9d3-41e2c324f08e] - page.onError - stack:
  (anonymous function) (undefined:1)
  apply (:0)
  (anonymous function) (https://g.alicdn.com/shop/shop-caja/0.0.5/r3001/caja/es53-taming-frame-min.js?t=20131223:1)
  (anonymous function) (https://g.alicdn.com/shop/shop-caja/0.1.0/r3001/??caja/caja-min.js,caja-adapter-min.js,balcony-min.js:1)
  simpleNotify (https://g.alicdn.com/shop/kissy-caja/1.3.1/event/base-min.js?t=20130701201313:10)
  notifyInternal (https://g.alicdn.com/shop/kissy-caja/1.3.1/event/dom/base-min.js?t=20130701201313:28)
  notify (https://g.alicdn.com/shop/kissy-caja/1.3.1/event/base-min.js?t=20130701201313:10)
  notify (https://g.alicdn.com/shop/kissy-caja/1.3.1/event/dom/base-min.js?t=20130701201313:23)
  handle (https://g.alicdn.com/shop/kissy-caja/1.3.1/event/dom/base-min.js?t=20130701201313:6)

  phantomjs://platform/console++.js:263 in error
[ERROR - 2018-03-12T01:52:55.172Z] WebElementLocator - _handleLocateCommand - Element(s) NOT Found: GAVE UP. Search Stop Time: 1520819575160

  phantomjs://platform/console++.js:263 in error
[ERROR - 2018-03-12T01:53:02.260Z] WebElementLocator - _handleLocateCommand - Element(s) NOT Found: GAVE UP. Search Stop Time: 1520819582259

  phantomjs://platform/console++.js:263 in error
[ERROR - 2018-03-12T01:53:05.128Z] WebElementLocator - _handleLocateCommand - Element(s) NOT Found: GAVE UP. Search Stop Time: 1520819585057

  phantomjs://platform/console++.js:263 in error
[ERROR - 2018-03-12T01:54:34.771Z] Session [f6c732d0-253e-11e8-a9d3-41e2c324f08e] - page.onError - msg: TypeError: undefined is not an object (evaluating 'x1___.top_v___')

  phantomjs://platform/console++.js:263 in error
[ERROR - 2018-03-12T01:54:34.771Z] Session [f6c732d0-253e-11e8-a9d3-41e2c324f08e] - page.onError - stack:
  (anonymous function) (undefined:1)
  apply (:0)
  (anonymous function) (https://g.alicdn.com/shop/shop-caja/0.0.5/r3001/caja/es53-taming-frame-min.js?t=20131223:1)
  (anonymous function) (https://g.alicdn.com/shop/shop-caja/0.1.0/r3001/??caja/caja-min.js,caja-adapter-min.js,balcony-min.js:1)
  simpleNotify (https://g.alicdn.com/shop/kissy-caja/1.3.1/event/base-min.js?t=20130701201313:10)
  notifyInternal (https://g.alicdn.com/shop/kissy-caja/1.3.1/event/dom/base-min.js?t=20130701201313:28)
  notify (https://g.alicdn.com/shop/kissy-caja/1.3.1/event/base-min.js?t=20130701201313:10)
  notify (https://g.alicdn.com/shop/kissy-caja/1.3.1/event/dom/base-min.js?t=20130701201313:23)
  handle (https://g.alicdn.com/shop/kissy-caja/1.3.1/event/dom/base-min.js?t=20130701201313:6)

  phantomjs://platform/console++.js:263 in error
[ERROR - 2018-03-12T01:54:41.617Z] WebElementLocator - _handleLocateCommand - Element(s) NOT Found: GAVE UP. Search Stop Time: 1520819681616

  phantomjs://platform/console++.js:263 in error
[INFO  - 2018-03-12T01:54:56.314Z] SessionManagerReqHand - _cleanupWindowlessSessions - Asynchronous Sessions clean-up phase starting NOW
[ERROR - 2018-03-12T01:56:15.446Z] Session [f6c732d0-253e-11e8-a9d3-41e2c324f08e] - page.onError - msg: TypeError: undefined is not an object (evaluating 'x1___.top_v___')

  phantomjs://platform/console++.js:263 in error
[ERROR - 2018-03-12T01:56:15.447Z] Session [f6c732d0-253e-11e8-a9d3-41e2c324f08e] - page.onError - stack:
  (anonymous function) (undefined:1)
  apply (:0)
  (anonymous function) (https://g.alicdn.com/shop/shop-caja/0.0.5/r3001/caja/es53-taming-frame-min.js?t=20131223:1)
  (anonymous function) (https://g.alicdn.com/shop/shop-caja/0.1.0/r3001/??caja/caja-min.js,caja-adapter-min.js,balcony-min.js:1)
  simpleNotify (https://g.alicdn.com/shop/kissy-caja/1.3.1/event/base-min.js?t=20130701201313:10)
  notifyInternal (https://g.alicdn.com/shop/kissy-caja/1.3.1/event/dom/base-min.js?t=20130701201313:28)
  notify (https://g.alicdn.com/shop/kissy-caja/1.3.1/event/base-min.js?t=20130701201313:10)
  notify (https://g.alicdn.com/shop/kissy-caja/1.3.1/event/dom/base-min.js?t=20130701201313:23)
  handle (https://g.alicdn.com/shop/kissy-caja/1.3.1/event/dom/base-min.js?t=20130701201313:6)

  phantomjs://platform/console++.js:263 in error
[ERROR - 2018-03-12T01:57:58.027Z] Session [f6c732d0-253e-11e8-a9d3-41e2c324f08e] - page.onError - msg: TypeError: undefined is not an object (evaluating 'x1___.top_v___')

  phantomjs://platform/console++.js:263 in error
[ERROR - 2018-03-12T01:57:58.027Z] Session [f6c732d0-253e-11e8-a9d3-41e2c324f08e] - page.onError - stack:
  (anonymous function) (undefined:1)
  apply (:0)
  (anonymous function) (https://g.alicdn.com/shop/shop-caja/0.0.5/r3001/caja/es53-taming-frame-min.js?t=20131223:1)
  (anonymous function) (https://g.alicdn.com/shop/shop-caja/0.1.0/r3001/??caja/caja-min.js,caja-adapter-min.js,balcony-min.js:1)
  simpleNotify (https://g.alicdn.com/shop/kissy-caja/1.3.1/event/base-min.js?t=20130701201313:10)
  notifyInternal (https://g.alicdn.com/shop/kissy-caja/1.3.1/event/dom/base-min.js?t=20130701201313:28)
  notify (https://g.alicdn.com/shop/kissy-caja/1.3.1/event/base-min.js?t=20130701201313:10)
  notify (https://g.alicdn.com/shop/kissy-caja/1.3.1/event/dom/base-min.js?t=20130701201313:23)
  handle (https://g.alicdn.com/shop/kissy-caja/1.3.1/event/dom/base-min.js?t=20130701201313:6)

  phantomjs://platform/console++.js:263 in error
[ERROR - 2018-03-12T01:58:05.160Z] WebElementLocator - _handleLocateCommand - Element(s) NOT Found: GAVE UP. Search Stop Time: 1520819885154

  phantomjs://platform/console++.js:263 in error
[ERROR - 2018-03-12T01:59:39.187Z] Session [f6c732d0-253e-11e8-a9d3-41e2c324f08e] - page.onError - msg: TypeError: undefined is not an object (evaluating 'x1___.top_v___')

  phantomjs://platform/console++.js:263 in error
[ERROR - 2018-03-12T01:59:39.187Z] Session [f6c732d0-253e-11e8-a9d3-41e2c324f08e] - page.onError - stack:
  (anonymous function) (undefined:1)
  apply (:0)
  (anonymous function) (https://g.alicdn.com/shop/shop-caja/0.0.5/r3001/caja/es53-taming-frame-min.js?t=20131223:1)
  (anonymous function) (https://g.alicdn.com/shop/shop-caja/0.1.0/r3001/??caja/caja-min.js,caja-adapter-min.js,balcony-min.js:1)
  simpleNotify (https://g.alicdn.com/shop/kissy-caja/1.3.1/event/base-min.js?t=20130701201313:10)
  notifyInternal (https://g.alicdn.com/shop/kissy-caja/1.3.1/event/dom/base-min.js?t=20130701201313:28)
  notify (https://g.alicdn.com/shop/kissy-caja/1.3.1/event/base-min.js?t=20130701201313:10)
  notify (https://g.alicdn.com/shop/kissy-caja/1.3.1/event/dom/base-min.js?t=20130701201313:23)
  handle (https://g.alicdn.com/shop/kissy-caja/1.3.1/event/dom/base-min.js?t=20130701201313:6)

  phantomjs://platform/console++.js:263 in error
[ERROR - 2018-03-12T01:59:46.478Z] WebElementLocator - _handleLocateCommand - Element(s) NOT Found: GAVE UP. Search Stop Time: 1520819986474

  phantomjs://platform/console++.js:263 in error
[ERROR - 2018-03-12T01:59:53.432Z] WebElementLocator - _handleLocateCommand - Element(s) NOT Found: GAVE UP. Search Stop Time: 1520819993422

  phantomjs://platform/console++.js:263 in error
[ERROR - 2018-03-12T01:59:56.236Z] WebElementLocator - _handleLocateCommand - Element(s) NOT Found: GAVE UP. Search Stop Time: 1520819996205

  phantomjs://platform/console++.js:263 in error
[INFO  - 2018-03-12T02:00:00.164Z] SessionManagerReqHand - _cleanupWindowlessSessions - Asynchronous Sessions clean-up phase starting NOW
[INFO  - 2018-03-12T02:05:00.157Z] SessionManagerReqHand - _cleanupWindowlessSessions - Asynchronous Sessions clean-up phase starting NOW
[INFO  - 2018-03-12T02:10:00.172Z] SessionManagerReqHand - _cleanupWindowlessSessions - Asynchronous Sessions clean-up phase starting NOW
[INFO  - 2018-03-12T02:15:00.172Z] SessionManagerReqHand - _cleanupWindowlessSessions - Asynchronous Sessions clean-up phase starting NOW
[INFO  - 2018-03-12T02:20:00.186Z] SessionManagerReqHand - _cleanupWindowlessSessions - Asynchronous Sessions clean-up phase starting NOW
[INFO  - 2018-03-12T02:25:00.186Z] SessionManagerReqHand - _cleanupWindowlessSessions - Asynchronous Sessions clean-up phase starting NOW
[INFO  - 2018-03-12T02:30:00.186Z] SessionManagerReqHand - _cleanupWindowlessSessions - Asynchronous Sessions clean-up phase starting NOW
[INFO  - 2018-03-12T02:35:00.186Z] SessionManagerReqHand - _cleanupWindowlessSessions - Asynchronous Sessions clean-up phase starting NOW
[INFO  - 2018-03-12T02:40:00.188Z] SessionManagerReqHand - _cleanupWindowlessSessions - Asynchronous Sessions clean-up phase starting NOW
[INFO  - 2018-03-12T02:45:00.188Z] SessionManagerReqHand - _cleanupWindowlessSessions - Asynchronous Sessions clean-up phase starting NOW
[INFO  - 2018-03-12T02:50:00.188Z] SessionManagerReqHand - _cleanupWindowlessSessions - Asynchronous Sessions clean-up phase starting NOW
[INFO  - 2018-03-12T02:55:00.188Z] SessionManagerReqHand - _cleanupWindowlessSessions - Asynchronous Sessions clean-up phase starting NOW
[INFO  - 2018-03-12T03:00:00.200Z] SessionManagerReqHand - _cleanupWindowlessSessions - Asynchronous Sessions clean-up phase starting NOW
[INFO  - 2018-03-12T03:05:00.202Z] SessionManagerReqHand - _cleanupWindowlessSessions - Asynchronous Sessions clean-up phase starting NOW
[INFO  - 2018-03-12T03:10:00.201Z] SessionManagerReqHand - _cleanupWindowlessSessions - Asynchronous Sessions clean-up phase starting NOW
[INFO  - 2018-03-12T03:15:00.202Z] SessionManagerReqHand - _cleanupWindowlessSessions - Asynchronous Sessions clean-up phase starting NOW
[INFO  - 2018-03-12T03:20:00.202Z] SessionManagerReqHand - _cleanupWindowlessSessions - Asynchronous Sessions clean-up phase starting NOW
[INFO  - 2018-03-12T03:25:00.203Z] SessionManagerReqHand - _cleanupWindowlessSessions - Asynchronous Sessions clean-up phase starting NOW
[INFO  - 2018-03-12T03:30:00.216Z] SessionManagerReqHand - _cleanupWindowlessSessions - Asynchronous Sessions clean-up phase starting NOW
[INFO  - 2018-03-12T03:35:00.223Z] SessionManagerReqHand - _cleanupWindowlessSessions - Asynchronous Sessions clean-up phase starting NOW
[INFO  - 2018-03-12T03:40:00.234Z] SessionManagerReqHand - _cleanupWindowlessSessions - Asynchronous Sessions clean-up phase starting NOW
[INFO  - 2018-03-12T03:45:00.238Z] SessionManagerReqHand - _cleanupWindowlessSessions - Asynchronous Sessions clean-up phase starting NOW
[INFO  - 2018-03-12T03:50:00.238Z] SessionManagerReqHand - _cleanupWindowlessSessions - Asynchronous Sessions clean-up phase starting NOW
[INFO  - 2018-03-12T03:55:00.238Z] SessionManagerReqHand - _cleanupWindowlessSessions - Asynchronous Sessions clean-up phase starting NOW
[INFO  - 2018-03-12T04:00:00.249Z] SessionManagerReqHand - _cleanupWindowlessSessions - Asynchronous Sessions clean-up phase starting NOW
[INFO  - 2018-03-12T04:05:00.249Z] SessionManagerReqHand - _cleanupWindowlessSessions - Asynchronous Sessions clean-up phase starting NOW
[INFO  - 2018-03-12T04:10:00.249Z] SessionManagerReqHand - _cleanupWindowlessSessions - Asynchronous Sessions clean-up phase starting NOW
[INFO  - 2018-03-12T04:15:00.252Z] SessionManagerReqHand - _cleanupWindowlessSessions - Asynchronous Sessions clean-up phase starting NOW
[INFO  - 2018-03-12T04:20:00.253Z] SessionManagerReqHand - _cleanupWindowlessSessions - Asynchronous Sessions clean-up phase starting NOW
[INFO  - 2018-03-12T04:25:00.263Z] SessionManagerReqHand - _cleanupWindowlessSessions - Asynchronous Sessions clean-up phase starting NOW
[INFO  - 2018-03-12T04:30:00.271Z] SessionManagerReqHand - _cleanupWindowlessSessions - Asynchronous Sessions clean-up phase starting NOW
[INFO  - 2018-03-12T04:35:00.280Z] SessionManagerReqHand - _cleanupWindowlessSessions - Asynchronous Sessions clean-up phase starting NOW
